d:\c files\c hw2\c-work-liad-ben\liad&ben hw2\project1\project1\debug\vc141.pdb
d:\c files\c hw2\c-work-liad-ben\liad&ben hw2\project1\project1\debug\vc141.idb
d:\c files\c hw2\c-work-liad-ben\liad&ben hw2\project1\project1\debug\supermarket.obj
d:\c files\c hw2\c-work-liad-ben\liad&ben hw2\project1\project1\debug\shoppingitem.obj
d:\c files\c hw2\c-work-liad-ben\liad&ben hw2\project1\project1\debug\shoppingcart.obj
d:\c files\c hw2\c-work-liad-ben\liad&ben hw2\project1\project1\debug\product.obj
d:\c files\c hw2\c-work-liad-ben\liad&ben hw2\project1\project1\debug\main.obj
d:\c files\c hw2\c-work-liad-ben\liad&ben hw2\project1\project1\debug\generalfunc.obj
d:\c files\c hw2\c-work-liad-ben\liad&ben hw2\project1\project1\debug\exe.obj
d:\c files\c hw2\c-work-liad-ben\liad&ben hw2\project1\project1\debug\customer.obj
d:\c files\c hw2\c-work-liad-ben\liad&ben hw2\project1\project1\debug\address.obj
d:\c files\c hw2\c-work-liad-ben\liad&ben hw2\project1\debug\project1.exe
d:\c files\c hw2\c-work-liad-ben\liad&ben hw2\project1\debug\project1.ilk
d:\c files\c hw2\c-work-liad-ben\liad&ben hw2\project1\debug\project1.pdb
c:\users\bv080\onedrive\מסמכים\github\c-work-liad-ben\liad&ben hw2\project1\project1\debug\address.obj
c:\users\bv080\onedrive\מסמכים\github\c-work-liad-ben\liad&ben hw2\project1\project1\debug\customer.obj
c:\users\bv080\onedrive\מסמכים\github\c-work-liad-ben\liad&ben hw2\project1\project1\debug\exe.obj
c:\users\bv080\onedrive\מסמכים\github\c-work-liad-ben\liad&ben hw2\project1\project1\debug\generalfunc.obj
c:\users\bv080\onedrive\מסמכים\github\c-work-liad-ben\liad&ben hw2\project1\project1\debug\main.obj
c:\users\bv080\onedrive\מסמכים\github\c-work-liad-ben\liad&ben hw2\project1\project1\debug\product.obj
c:\users\bv080\onedrive\מסמכים\github\c-work-liad-ben\liad&ben hw2\project1\project1\debug\shoppingcart.obj
c:\users\bv080\onedrive\מסמכים\github\c-work-liad-ben\liad&ben hw2\project1\project1\debug\shoppingitem.obj
c:\users\bv080\onedrive\מסמכים\github\c-work-liad-ben\liad&ben hw2\project1\project1\debug\supermarket.obj
c:\users\bv080\onedrive\מסמכים\github\c-work-liad-ben\liad&ben hw2\project1\project1\debug\vc141.idb
c:\users\bv080\onedrive\מסמכים\github\c-work-liad-ben\liad&ben hw2\project1\project1\debug\vc141.pdb
c:\users\bv080\onedrive\מסמכים\github\c-work-liad-ben\liad&ben hw2\project1\debug\project1.pdb
c:\users\bv080\onedrive\מסמכים\github\c-work-liad-ben\liad&ben hw2\project1\debug\project1.exe
c:\users\bv080\onedrive\מסמכים\github\c-work-liad-ben\liad&ben hw2\project1\debug\project1.ilk
c:\users\bv080\onedrive\מסמכים\github\c-work-liad-ben\liad&ben hw2\project1\project1\debug\project1.tlog\cl.command.1.tlog
c:\users\bv080\onedrive\מסמכים\github\c-work-liad-ben\liad&ben hw2\project1\project1\debug\project1.tlog\cl.read.1.tlog
c:\users\bv080\onedrive\מסמכים\github\c-work-liad-ben\liad&ben hw2\project1\project1\debug\project1.tlog\cl.write.1.tlog
c:\users\bv080\onedrive\מסמכים\github\c-work-liad-ben\liad&ben hw2\project1\project1\debug\project1.tlog\link.command.1.tlog
c:\users\bv080\onedrive\מסמכים\github\c-work-liad-ben\liad&ben hw2\project1\project1\debug\project1.tlog\link.read.1.tlog
c:\users\bv080\onedrive\מסמכים\github\c-work-liad-ben\liad&ben hw2\project1\project1\debug\project1.tlog\link.write.1.tlog
